[debug] [2019-12-25T02:42:56.365Z] ----------------------------------------------------------------------
[debug] [2019-12-25T02:42:56.367Z] Command:       C:\Desktop\nodejs\node.exe C:\Users\mail2\AppData\Roaming\npm\node_modules\firebase-tools\lib\bin\firebase.js deploy --only hosting:jpsastronomyclub-master
[debug] [2019-12-25T02:42:56.367Z] CLI Version:   7.8.1
[debug] [2019-12-25T02:42:56.367Z] Platform:      win32
[debug] [2019-12-25T02:42:56.367Z] Node Version:  v12.13.0
[debug] [2019-12-25T02:42:56.369Z] Time:          Tue Dec 24 2019 21:42:56 GMT-0500 (Eastern Standard Time)
[debug] [2019-12-25T02:42:56.370Z] ----------------------------------------------------------------------
[debug] [2019-12-25T02:42:56.370Z] 
[debug] [2019-12-25T02:42:56.379Z] > command requires scopes: ["email","openid","https://www.googleapis.com/auth/cloudplatformprojects.readonly","https://www.googleapis.com/auth/firebase","https://www.googleapis.com/auth/cloud-platform"]
[debug] [2019-12-25T02:42:56.379Z] > authorizing via signed-in user
[debug] [2019-12-25T02:42:56.379Z] [iam] checking project my-project-1574031936136 for permissions ["firebase.projects.get","firebasehosting.sites.update"]
[debug] [2019-12-25T02:42:56.380Z] >>> HTTP REQUEST POST https://cloudresourcemanager.googleapis.com/v1/projects/my-project-1574031936136:testIamPermissions  

[debug] [2019-12-25T02:42:56.654Z] <<< HTTP RESPONSE 200
[debug] [2019-12-25T02:42:56.659Z] >>> HTTP REQUEST GET https://firebase.googleapis.com/v1beta1/projects/my-project-1574031936136  
 
[debug] [2019-12-25T02:42:56.867Z] <<< HTTP RESPONSE 200
[info] 
[info] === Deploying to 'my-project-1574031936136'...
[info] 
[info] i  deploying hosting
[info] 
[info] +  Deploy complete!
[info] 
[info] Project Console: https://console.firebase.google.com/project/my-project-1574031936136/overview
[debug] [2019-12-25T02:42:58.727Z] TypeError: Cannot read property 'deploys' of undefined
    at C:\Users\mail2\AppData\Roaming\npm\node_modules\firebase-tools\lib\deploy\index.js:84:36
    at processTicksAndRejections (internal/process/task_queues.js:93:5)
[error] 
[error] Error: An unexpected error has occurred.
[debug] [2019-12-25T02:44:23.413Z] ----------------------------------------------------------------------
[debug] [2019-12-25T02:44:23.416Z] Command:       C:\Desktop\nodejs\node.exe C:\Users\mail2\AppData\Roaming\npm\node_modules\firebase-tools\lib\bin\firebase.js deploy --only hosting:jpsastronomyclub.firebaseapp.com
[debug] [2019-12-25T02:44:23.416Z] CLI Version:   7.8.1
[debug] [2019-12-25T02:44:23.416Z] Platform:      win32
[debug] [2019-12-25T02:44:23.416Z] Node Version:  v12.13.0
[debug] [2019-12-25T02:44:23.425Z] Time:          Tue Dec 24 2019 21:44:23 GMT-0500 (Eastern Standard Time)
[debug] [2019-12-25T02:44:23.425Z] ----------------------------------------------------------------------
[debug] [2019-12-25T02:44:23.425Z] 
[debug] [2019-12-25T02:44:23.433Z] > command requires scopes: ["email","openid","https://www.googleapis.com/auth/cloudplatformprojects.readonly","https://www.googleapis.com/auth/firebase","https://www.googleapis.com/auth/cloud-platform"]
[debug] [2019-12-25T02:44:23.434Z] > authorizing via signed-in user
[debug] [2019-12-25T02:44:23.434Z] [iam] checking project my-project-1574031936136 for permissions ["firebase.projects.get","firebasehosting.sites.update"]
[debug] [2019-12-25T02:44:23.435Z] >>> HTTP REQUEST POST https://cloudresourcemanager.googleapis.com/v1/projects/my-project-1574031936136:testIamPermissions  

[debug] [2019-12-25T02:44:23.705Z] <<< HTTP RESPONSE 200
[debug] [2019-12-25T02:44:23.708Z] >>> HTTP REQUEST GET https://firebase.googleapis.com/v1beta1/projects/my-project-1574031936136  
 
[debug] [2019-12-25T02:44:23.930Z] <<< HTTP RESPONSE 200
[info] 
[info] === Deploying to 'my-project-1574031936136'...
[info] 
[info] i  deploying hosting
[info] 
[info] +  Deploy complete!
[info] 
[info] Project Console: https://console.firebase.google.com/project/my-project-1574031936136/overview
[debug] [2019-12-25T02:44:26.235Z] TypeError: Cannot read property 'deploys' of undefined
    at C:\Users\mail2\AppData\Roaming\npm\node_modules\firebase-tools\lib\deploy\index.js:84:36
    at processTicksAndRejections (internal/process/task_queues.js:93:5)
[error] 
[error] Error: An unexpected error has occurred.
[debug] [2019-12-25T02:44:37.362Z] ----------------------------------------------------------------------
[debug] [2019-12-25T02:44:37.364Z] Command:       C:\Desktop\nodejs\node.exe C:\Users\mail2\AppData\Roaming\npm\node_modules\firebase-tools\lib\bin\firebase.js deploy --only hosting:jpsastronomyclub.firebaseapp.com
[debug] [2019-12-25T02:44:37.364Z] CLI Version:   7.8.1
[debug] [2019-12-25T02:44:37.364Z] Platform:      win32
[debug] [2019-12-25T02:44:37.364Z] Node Version:  v12.13.0
[debug] [2019-12-25T02:44:37.365Z] Time:          Tue Dec 24 2019 21:44:37 GMT-0500 (Eastern Standard Time)
[debug] [2019-12-25T02:44:37.365Z] ----------------------------------------------------------------------
[debug] [2019-12-25T02:44:37.365Z] 
[debug] [2019-12-25T02:44:37.376Z] > command requires scopes: ["email","openid","https://www.googleapis.com/auth/cloudplatformprojects.readonly","https://www.googleapis.com/auth/firebase","https://www.googleapis.com/auth/cloud-platform"]
[debug] [2019-12-25T02:44:37.377Z] > authorizing via signed-in user
[debug] [2019-12-25T02:44:37.377Z] [iam] checking project my-project-1574031936136 for permissions ["firebase.projects.get","firebasehosting.sites.update"]
[debug] [2019-12-25T02:44:37.379Z] >>> HTTP REQUEST POST https://cloudresourcemanager.googleapis.com/v1/projects/my-project-1574031936136:testIamPermissions  

[debug] [2019-12-25T02:44:37.660Z] <<< HTTP RESPONSE 200
[debug] [2019-12-25T02:44:37.664Z] >>> HTTP REQUEST GET https://firebase.googleapis.com/v1beta1/projects/my-project-1574031936136  
 
[debug] [2019-12-25T02:44:37.897Z] <<< HTTP RESPONSE 200
[info] 
[info] === Deploying to 'my-project-1574031936136'...
[info] 
[info] i  deploying hosting
[info] 
[info] +  Deploy complete!
[info] 
[info] Project Console: https://console.firebase.google.com/project/my-project-1574031936136/overview
[debug] [2019-12-25T02:44:39.658Z] TypeError: Cannot read property 'deploys' of undefined
    at C:\Users\mail2\AppData\Roaming\npm\node_modules\firebase-tools\lib\deploy\index.js:84:36
    at processTicksAndRejections (internal/process/task_queues.js:93:5)
[error] 
[error] Error: An unexpected error has occurred.
